<?xml version="1.0" encoding="UTF-8"?>
<testsuite xmlns:xsi="http://www.w3.org/2001/XMLSchema-instance" xsi:noNamespaceSchemaLocation="https://maven.apache.org/surefire/maven-surefire-plugin/xsd/surefire-test-report-3.0.xsd" version="3.0" name="ldubgd.edu.ua.spring_simple_service_demo.SpringSimpleServiceDemoApplicationTests" time="2.23" tests="1" errors="0" skipped="0" failures="0">
  <properties>
[...]
</properties>
  <testcase name="contextLoads" classname="ldubgd.edu.ua.spring_simple_service_demo.SpringSimpleServiceDemoApplicationTests" time="0.643">
    <system-out><![CDATA[17:10:33.832 [main] INFO org.springframework.test.context.support.AnnotationConfigContextLoaderUtils -- Could not detect default configuration classes for test class [ldubgd.edu.ua.spring_simple_service_demo.SpringSimpleServiceDemoApplicationTests]: SpringSimpleServiceDemoApplicationTests does not declare any static, non-private, non-final, nested classes annotated with @Configuration.
17:10:33.938 [main] INFO org.springframework.boot.test.context.SpringBootTestContextBootstrapper -- Found @SpringBootConfiguration ldubgd.edu.ua.spring_simple_service_demo.SpringSimpleServiceDemoApplication for test class ldubgd.edu.ua.spring_simple_service_demo.SpringSimpleServiceDemoApplicationTests

  .   ____          _            __ _ _
 /\\ / ___'_ __ _ _(_)_ __  __ _ \ \ \ \
( ( )\___ | '_ | '_| | '_ \/ _` | \ \ \ \
 \\/  ___)| |_)| | | | | || (_| |  ) ) ) )
  '  |____| .__|_| |_|_| |_\__, | / / / /
 =========|_|==============|___/=/_/_/_/
 :: Spring Boot ::               (v3.2.11)

2024-10-27T17:10:34.295+02:00  INFO 44388 --- [spring-simple-service-demo] [           main] .SpringSimpleServiceDemoApplicationTests : Starting SpringSimpleServiceDemoApplicationTests using Java 23 with PID 44388 (started by ADMIN in C:\Users\ADMIN\Downloads\spring-simple-service-demo\spring-simple-service-demo)
2024-10-27T17:10:34.296+02:00  INFO 44388 --- [spring-simple-service-demo] [           main] .SpringSimpleServiceDemoApplicationTests : No active profile set, falling back to 1 default profile: "default"
2024-10-27T17:10:35.238+02:00  INFO 44388 --- [spring-simple-service-demo] [           main] .SpringSimpleServiceDemoApplicationTests : Started SpringSimpleServiceDemoApplicationTests in 1.178 seconds (process running for 2.129)
]]></system-out>
    <system-err><![CDATA[WARNING: A Java agent has been loaded dynamically (C:\Users\ADMIN\.m2\repository\net\bytebuddy\byte-buddy-agent\1.14.19\byte-buddy-agent-1.14.19.jar)
WARNING: If a serviceability tool is in use, please run with -XX:+EnableDynamicAgentLoading to hide this warning
WARNING: If a serviceability tool is not in use, please run with -Djdk.instrument.traceUsage for more information
WARNING: Dynamic loading of agents will be disallowed by default in a future release
]]></system-err>
  </testcase>
</testsuite>